<?xml version="1.0" encoding="UTF-8"?>
<testsuite xmlns:xsi="http://www.w3.org/2001/XMLSchema-instance" xsi:noNamespaceSchemaLocation="https://maven.apache.org/surefire/maven-surefire-plugin/xsd/surefire-test-report.xsd" name="cucumber.Options.TestRunner1" time="1.046" tests="4" errors="0" skipped="0" failures="0">
  <properties>
[...]
</properties>
  <testcase name="Sample1 Test" classname="sample Project" time="0.136"/>
  <testcase name="Sample2 Test" classname="sample Project" time="0.081"/>
  <testcase name="Sample Test5" classname="sample Project5" time="0.069"/>
  <testcase name="Sample Test9" classname="sample Project9" time="0.036"/>
</testsuite>